<?xml version="1.0" encoding="UTF-8"?>
<testsuite xmlns:xsi="http://www.w3.org/2001/XMLSchema-instance" xsi:noNamespaceSchemaLocation="https://maven.apache.org/surefire/maven-surefire-plugin/xsd/surefire-test-report-3.0.xsd" version="3.0" name="com.example.constants.SeasonTest" time="0.092" tests="8" errors="0" skipped="0" failures="0">
  <properties>
    <property name="java.specification.version" value="17"/>
    <property name="sun.jnu.encoding" value="UTF-8"/>
    <property name="java.class.path" value="/home/etiya/projects/spring-demo/target/test-classes:/home/etiya/projects/spring-demo/target/classes:/home/etiya/.m2/repository/org/springframework/boot/spring-boot-starter-web/3.3.0/spring-boot-starter-web-3.3.0.jar:/home/etiya/.m2/repository/org/springframework/boot/spring-boot-starter/3.3.0/spring-boot-starter-3.3.0.jar:/home/etiya/.m2/repository/org/springframework/boot/spring-boot/3.3.0/spring-boot-3.3.0.jar:/home/etiya/.m2/repository/org/springframework/boot/spring-boot-autoconfigure/3.3.0/spring-boot-autoconfigure-3.3.0.jar:/home/etiya/.m2/repository/org/springframework/boot/spring-boot-starter-logging/3.3.0/spring-boot-starter-logging-3.3.0.jar:/home/etiya/.m2/repository/ch/qos/logback/logback-classic/1.5.6/logback-classic-1.5.6.jar:/home/etiya/.m2/repository/ch/qos/logback/logback-core/1.5.6/logback-core-1.5.6.jar:/home/etiya/.m2/repository/org/apache/logging/log4j/log4j-to-slf4j/2.23.1/log4j-to-slf4j-2.23.1.jar:/home/etiya/.m2/repository/org/apache/logging/log4j/log4j-api/2.23.1/log4j-api-2.23.1.jar:/home/etiya/.m2/repository/org/slf4j/jul-to-slf4j/2.0.13/jul-to-slf4j-2.0.13.jar:/home/etiya/.m2/repository/jakarta/annotation/jakarta.annotation-api/2.1.1/jakarta.annotation-api-2.1.1.jar:/home/etiya/.m2/repository/org/yaml/snakeyaml/2.2/snakeyaml-2.2.jar:/home/etiya/.m2/repository/org/springframework/boot/spring-boot-starter-json/3.3.0/spring-boot-starter-json-3.3.0.jar:/home/etiya/.m2/repository/com/fasterxml/jackson/core/jackson-databind/2.17.1/jackson-databind-2.17.1.jar:/home/etiya/.m2/repository/com/fasterxml/jackson/core/jackson-core/2.17.1/jackson-core-2.17.1.jar:/home/etiya/.m2/repository/com/fasterxml/jackson/datatype/jackson-datatype-jdk8/2.17.1/jackson-datatype-jdk8-2.17.1.jar:/home/etiya/.m2/repository/com/fasterxml/jackson/datatype/jackson-datatype-jsr310/2.17.1/jackson-datatype-jsr310-2.17.1.jar:/home/etiya/.m2/repository/com/fasterxml/jackson/module/jackson-module-parameter-names/2.17.1/jackson-module-parameter-names-2.17.1.jar:/home/etiya/.m2/repository/org/springframework/spring-web/6.1.8/spring-web-6.1.8.jar:/home/etiya/.m2/repository/org/springframework/spring-beans/6.1.8/spring-beans-6.1.8.jar:/home/etiya/.m2/repository/org/springframework/spring-webmvc/6.1.8/spring-webmvc-6.1.8.jar:/home/etiya/.m2/repository/org/springframework/spring-aop/6.1.8/spring-aop-6.1.8.jar:/home/etiya/.m2/repository/org/springframework/spring-context/6.1.8/spring-context-6.1.8.jar:/home/etiya/.m2/repository/org/springframework/spring-expression/6.1.8/spring-expression-6.1.8.jar:/home/etiya/.m2/repository/org/springframework/boot/spring-boot-starter-actuator/3.3.0/spring-boot-starter-actuator-3.3.0.jar:/home/etiya/.m2/repository/org/springframework/boot/spring-boot-actuator-autoconfigure/3.3.0/spring-boot-actuator-autoconfigure-3.3.0.jar:/home/etiya/.m2/repository/org/springframework/boot/spring-boot-actuator/3.3.0/spring-boot-actuator-3.3.0.jar:/home/etiya/.m2/repository/io/micrometer/micrometer-observation/1.13.0/micrometer-observation-1.13.0.jar:/home/etiya/.m2/repository/io/micrometer/micrometer-commons/1.13.0/micrometer-commons-1.13.0.jar:/home/etiya/.m2/repository/io/micrometer/micrometer-jakarta9/1.13.0/micrometer-jakarta9-1.13.0.jar:/home/etiya/.m2/repository/io/micrometer/micrometer-core/1.13.0/micrometer-core-1.13.0.jar:/home/etiya/.m2/repository/org/hdrhistogram/HdrHistogram/2.2.1/HdrHistogram-2.2.1.jar:/home/etiya/.m2/repository/org/latencyutils/LatencyUtils/2.0.3/LatencyUtils-2.0.3.jar:/home/etiya/.m2/repository/org/springframework/boot/spring-boot-starter-undertow/3.3.0/spring-boot-starter-undertow-3.3.0.jar:/home/etiya/.m2/repository/io/undertow/undertow-core/2.3.13.Final/undertow-core-2.3.13.Final.jar:/home/etiya/.m2/repository/org/jboss/logging/jboss-logging/3.5.3.Final/jboss-logging-3.5.3.Final.jar:/home/etiya/.m2/repository/org/jboss/xnio/xnio-api/3.8.8.Final/xnio-api-3.8.8.Final.jar:/home/etiya/.m2/repository/org/wildfly/common/wildfly-common/1.5.4.Final/wildfly-common-1.5.4.Final.jar:/home/etiya/.m2/repository/org/wildfly/client/wildfly-client-config/1.0.1.Final/wildfly-client-config-1.0.1.Final.jar:/home/etiya/.m2/repository/org/jboss/xnio/xnio-nio/3.8.8.Final/xnio-nio-3.8.8.Final.jar:/home/etiya/.m2/repository/org/jboss/threads/jboss-threads/3.5.0.Final/jboss-threads-3.5.0.Final.jar:/home/etiya/.m2/repository/io/undertow/undertow-servlet/2.3.13.Final/undertow-servlet-2.3.13.Final.jar:/home/etiya/.m2/repository/jakarta/servlet/jakarta.servlet-api/6.0.0/jakarta.servlet-api-6.0.0.jar:/home/etiya/.m2/repository/io/undertow/undertow-websockets-jsr/2.3.13.Final/undertow-websockets-jsr-2.3.13.Final.jar:/home/etiya/.m2/repository/jakarta/websocket/jakarta.websocket-api/2.1.1/jakarta.websocket-api-2.1.1.jar:/home/etiya/.m2/repository/jakarta/websocket/jakarta.websocket-client-api/2.1.1/jakarta.websocket-client-api-2.1.1.jar:/home/etiya/.m2/repository/org/apache/tomcat/embed/tomcat-embed-el/10.1.24/tomcat-embed-el-10.1.24.jar:/home/etiya/.m2/repository/org/springframework/boot/spring-boot-starter-data-mongodb/3.3.0/spring-boot-starter-data-mongodb-3.3.0.jar:/home/etiya/.m2/repository/org/mongodb/mongodb-driver-sync/5.0.1/mongodb-driver-sync-5.0.1.jar:/home/etiya/.m2/repository/org/mongodb/bson/5.0.1/bson-5.0.1.jar:/home/etiya/.m2/repository/org/mongodb/mongodb-driver-core/5.0.1/mongodb-driver-core-5.0.1.jar:/home/etiya/.m2/repository/org/mongodb/bson-record-codec/5.0.1/bson-record-codec-5.0.1.jar:/home/etiya/.m2/repository/org/springframework/data/spring-data-mongodb/4.3.0/spring-data-mongodb-4.3.0.jar:/home/etiya/.m2/repository/org/springframework/spring-tx/6.1.8/spring-tx-6.1.8.jar:/home/etiya/.m2/repository/org/springframework/data/spring-data-commons/3.3.0/spring-data-commons-3.3.0.jar:/home/etiya/.m2/repository/org/projectlombok/lombok/1.18.32/lombok-1.18.32.jar:/home/etiya/.m2/repository/org/springframework/boot/spring-boot-starter-test/3.3.0/spring-boot-starter-test-3.3.0.jar:/home/etiya/.m2/repository/org/springframework/boot/spring-boot-test/3.3.0/spring-boot-test-3.3.0.jar:/home/etiya/.m2/repository/org/springframework/boot/spring-boot-test-autoconfigure/3.3.0/spring-boot-test-autoconfigure-3.3.0.jar:/home/etiya/.m2/repository/com/jayway/jsonpath/json-path/2.9.0/json-path-2.9.0.jar:/home/etiya/.m2/repository/jakarta/xml/bind/jakarta.xml.bind-api/4.0.2/jakarta.xml.bind-api-4.0.2.jar:/home/etiya/.m2/repository/jakarta/activation/jakarta.activation-api/2.1.3/jakarta.activation-api-2.1.3.jar:/home/etiya/.m2/repository/net/minidev/json-smart/2.5.1/json-smart-2.5.1.jar:/home/etiya/.m2/repository/net/minidev/accessors-smart/2.5.1/accessors-smart-2.5.1.jar:/home/etiya/.m2/repository/org/ow2/asm/asm/9.6/asm-9.6.jar:/home/etiya/.m2/repository/org/assertj/assertj-core/3.25.3/assertj-core-3.25.3.jar:/home/etiya/.m2/repository/net/bytebuddy/byte-buddy/1.14.16/byte-buddy-1.14.16.jar:/home/etiya/.m2/repository/org/awaitility/awaitility/4.2.1/awaitility-4.2.1.jar:/home/etiya/.m2/repository/org/hamcrest/hamcrest/2.2/hamcrest-2.2.jar:/home/etiya/.m2/repository/org/junit/jupiter/junit-jupiter/5.10.2/junit-jupiter-5.10.2.jar:/home/etiya/.m2/repository/org/junit/jupiter/junit-jupiter-api/5.10.2/junit-jupiter-api-5.10.2.jar:/home/etiya/.m2/repository/org/opentest4j/opentest4j/1.3.0/opentest4j-1.3.0.jar:/home/etiya/.m2/repository/org/junit/platform/junit-platform-commons/1.10.2/junit-platform-commons-1.10.2.jar:/home/etiya/.m2/repository/org/apiguardian/apiguardian-api/1.1.2/apiguardian-api-1.1.2.jar:/home/etiya/.m2/repository/org/junit/jupiter/junit-jupiter-params/5.10.2/junit-jupiter-params-5.10.2.jar:/home/etiya/.m2/repository/org/junit/jupiter/junit-jupiter-engine/5.10.2/junit-jupiter-engine-5.10.2.jar:/home/etiya/.m2/repository/org/junit/platform/junit-platform-engine/1.10.2/junit-platform-engine-1.10.2.jar:/home/etiya/.m2/repository/org/mockito/mockito-core/5.11.0/mockito-core-5.11.0.jar:/home/etiya/.m2/repository/net/bytebuddy/byte-buddy-agent/1.14.16/byte-buddy-agent-1.14.16.jar:/home/etiya/.m2/repository/org/objenesis/objenesis/3.3/objenesis-3.3.jar:/home/etiya/.m2/repository/org/mockito/mockito-junit-jupiter/5.11.0/mockito-junit-jupiter-5.11.0.jar:/home/etiya/.m2/repository/org/skyscreamer/jsonassert/1.5.1/jsonassert-1.5.1.jar:/home/etiya/.m2/repository/com/vaadin/external/google/android-json/0.0.20131108.vaadin1/android-json-0.0.20131108.vaadin1.jar:/home/etiya/.m2/repository/org/springframework/spring-core/6.1.8/spring-core-6.1.8.jar:/home/etiya/.m2/repository/org/springframework/spring-jcl/6.1.8/spring-jcl-6.1.8.jar:/home/etiya/.m2/repository/org/springframework/spring-test/6.1.8/spring-test-6.1.8.jar:/home/etiya/.m2/repository/org/xmlunit/xmlunit-core/2.9.1/xmlunit-core-2.9.1.jar:/home/etiya/.m2/repository/org/testcontainers/testcontainers/1.19.7/testcontainers-1.19.7.jar:/home/etiya/.m2/repository/junit/junit/4.13.2/junit-4.13.2.jar:/home/etiya/.m2/repository/org/hamcrest/hamcrest-core/2.2/hamcrest-core-2.2.jar:/home/etiya/.m2/repository/org/slf4j/slf4j-api/2.0.13/slf4j-api-2.0.13.jar:/home/etiya/.m2/repository/org/apache/commons/commons-compress/1.24.0/commons-compress-1.24.0.jar:/home/etiya/.m2/repository/org/rnorth/duct-tape/duct-tape/1.0.8/duct-tape-1.0.8.jar:/home/etiya/.m2/repository/org/jetbrains/annotations/17.0.0/annotations-17.0.0.jar:/home/etiya/.m2/repository/com/github/docker-java/docker-java-api/3.3.6/docker-java-api-3.3.6.jar:/home/etiya/.m2/repository/com/fasterxml/jackson/core/jackson-annotations/2.17.1/jackson-annotations-2.17.1.jar:/home/etiya/.m2/repository/com/github/docker-java/docker-java-transport-zerodep/3.3.6/docker-java-transport-zerodep-3.3.6.jar:/home/etiya/.m2/repository/com/github/docker-java/docker-java-transport/3.3.6/docker-java-transport-3.3.6.jar:/home/etiya/.m2/repository/net/java/dev/jna/jna/5.13.0/jna-5.13.0.jar:/home/etiya/.m2/repository/org/testcontainers/mongodb/1.19.7/mongodb-1.19.7.jar:"/>
    <property name="java.vm.vendor" value="Red Hat, Inc."/>
    <property name="sun.arch.data.model" value="64"/>
    <property name="java.vendor.url" value="https://www.redhat.com/"/>
    <property name="os.name" value="Linux"/>
    <property name="java.vm.specification.version" value="17"/>
    <property name="sun.java.launcher" value="SUN_STANDARD"/>
    <property name="user.country" value="US"/>
    <property name="sun.boot.library.path" value="/usr/lib/jvm/java-17-openjdk-17.0.14.0.7-3.el8.x86_64/lib"/>
    <property name="sun.java.command" value="/home/etiya/projects/spring-demo/target/surefire/surefirebooter-20250127054229807_3.jar /home/etiya/projects/spring-demo/target/surefire 2025-01-27T05-42-29_752-jvmRun1 surefire-20250127054229807_1tmp surefire_0-20250127054229807_2tmp"/>
    <property name="jdk.debug" value="release"/>
    <property name="surefire.test.class.path" value="/home/etiya/projects/spring-demo/target/test-classes:/home/etiya/projects/spring-demo/target/classes:/home/etiya/.m2/repository/org/springframework/boot/spring-boot-starter-web/3.3.0/spring-boot-starter-web-3.3.0.jar:/home/etiya/.m2/repository/org/springframework/boot/spring-boot-starter/3.3.0/spring-boot-starter-3.3.0.jar:/home/etiya/.m2/repository/org/springframework/boot/spring-boot/3.3.0/spring-boot-3.3.0.jar:/home/etiya/.m2/repository/org/springframework/boot/spring-boot-autoconfigure/3.3.0/spring-boot-autoconfigure-3.3.0.jar:/home/etiya/.m2/repository/org/springframework/boot/spring-boot-starter-logging/3.3.0/spring-boot-starter-logging-3.3.0.jar:/home/etiya/.m2/repository/ch/qos/logback/logback-classic/1.5.6/logback-classic-1.5.6.jar:/home/etiya/.m2/repository/ch/qos/logback/logback-core/1.5.6/logback-core-1.5.6.jar:/home/etiya/.m2/repository/org/apache/logging/log4j/log4j-to-slf4j/2.23.1/log4j-to-slf4j-2.23.1.jar:/home/etiya/.m2/repository/org/apache/logging/log4j/log4j-api/2.23.1/log4j-api-2.23.1.jar:/home/etiya/.m2/repository/org/slf4j/jul-to-slf4j/2.0.13/jul-to-slf4j-2.0.13.jar:/home/etiya/.m2/repository/jakarta/annotation/jakarta.annotation-api/2.1.1/jakarta.annotation-api-2.1.1.jar:/home/etiya/.m2/repository/org/yaml/snakeyaml/2.2/snakeyaml-2.2.jar:/home/etiya/.m2/repository/org/springframework/boot/spring-boot-starter-json/3.3.0/spring-boot-starter-json-3.3.0.jar:/home/etiya/.m2/repository/com/fasterxml/jackson/core/jackson-databind/2.17.1/jackson-databind-2.17.1.jar:/home/etiya/.m2/repository/com/fasterxml/jackson/core/jackson-core/2.17.1/jackson-core-2.17.1.jar:/home/etiya/.m2/repository/com/fasterxml/jackson/datatype/jackson-datatype-jdk8/2.17.1/jackson-datatype-jdk8-2.17.1.jar:/home/etiya/.m2/repository/com/fasterxml/jackson/datatype/jackson-datatype-jsr310/2.17.1/jackson-datatype-jsr310-2.17.1.jar:/home/etiya/.m2/repository/com/fasterxml/jackson/module/jackson-module-parameter-names/2.17.1/jackson-module-parameter-names-2.17.1.jar:/home/etiya/.m2/repository/org/springframework/spring-web/6.1.8/spring-web-6.1.8.jar:/home/etiya/.m2/repository/org/springframework/spring-beans/6.1.8/spring-beans-6.1.8.jar:/home/etiya/.m2/repository/org/springframework/spring-webmvc/6.1.8/spring-webmvc-6.1.8.jar:/home/etiya/.m2/repository/org/springframework/spring-aop/6.1.8/spring-aop-6.1.8.jar:/home/etiya/.m2/repository/org/springframework/spring-context/6.1.8/spring-context-6.1.8.jar:/home/etiya/.m2/repository/org/springframework/spring-expression/6.1.8/spring-expression-6.1.8.jar:/home/etiya/.m2/repository/org/springframework/boot/spring-boot-starter-actuator/3.3.0/spring-boot-starter-actuator-3.3.0.jar:/home/etiya/.m2/repository/org/springframework/boot/spring-boot-actuator-autoconfigure/3.3.0/spring-boot-actuator-autoconfigure-3.3.0.jar:/home/etiya/.m2/repository/org/springframework/boot/spring-boot-actuator/3.3.0/spring-boot-actuator-3.3.0.jar:/home/etiya/.m2/repository/io/micrometer/micrometer-observation/1.13.0/micrometer-observation-1.13.0.jar:/home/etiya/.m2/repository/io/micrometer/micrometer-commons/1.13.0/micrometer-commons-1.13.0.jar:/home/etiya/.m2/repository/io/micrometer/micrometer-jakarta9/1.13.0/micrometer-jakarta9-1.13.0.jar:/home/etiya/.m2/repository/io/micrometer/micrometer-core/1.13.0/micrometer-core-1.13.0.jar:/home/etiya/.m2/repository/org/hdrhistogram/HdrHistogram/2.2.1/HdrHistogram-2.2.1.jar:/home/etiya/.m2/repository/org/latencyutils/LatencyUtils/2.0.3/LatencyUtils-2.0.3.jar:/home/etiya/.m2/repository/org/springframework/boot/spring-boot-starter-undertow/3.3.0/spring-boot-starter-undertow-3.3.0.jar:/home/etiya/.m2/repository/io/undertow/undertow-core/2.3.13.Final/undertow-core-2.3.13.Final.jar:/home/etiya/.m2/repository/org/jboss/logging/jboss-logging/3.5.3.Final/jboss-logging-3.5.3.Final.jar:/home/etiya/.m2/repository/org/jboss/xnio/xnio-api/3.8.8.Final/xnio-api-3.8.8.Final.jar:/home/etiya/.m2/repository/org/wildfly/common/wildfly-common/1.5.4.Final/wildfly-common-1.5.4.Final.jar:/home/etiya/.m2/repository/org/wildfly/client/wildfly-client-config/1.0.1.Final/wildfly-client-config-1.0.1.Final.jar:/home/etiya/.m2/repository/org/jboss/xnio/xnio-nio/3.8.8.Final/xnio-nio-3.8.8.Final.jar:/home/etiya/.m2/repository/org/jboss/threads/jboss-threads/3.5.0.Final/jboss-threads-3.5.0.Final.jar:/home/etiya/.m2/repository/io/undertow/undertow-servlet/2.3.13.Final/undertow-servlet-2.3.13.Final.jar:/home/etiya/.m2/repository/jakarta/servlet/jakarta.servlet-api/6.0.0/jakarta.servlet-api-6.0.0.jar:/home/etiya/.m2/repository/io/undertow/undertow-websockets-jsr/2.3.13.Final/undertow-websockets-jsr-2.3.13.Final.jar:/home/etiya/.m2/repository/jakarta/websocket/jakarta.websocket-api/2.1.1/jakarta.websocket-api-2.1.1.jar:/home/etiya/.m2/repository/jakarta/websocket/jakarta.websocket-client-api/2.1.1/jakarta.websocket-client-api-2.1.1.jar:/home/etiya/.m2/repository/org/apache/tomcat/embed/tomcat-embed-el/10.1.24/tomcat-embed-el-10.1.24.jar:/home/etiya/.m2/repository/org/springframework/boot/spring-boot-starter-data-mongodb/3.3.0/spring-boot-starter-data-mongodb-3.3.0.jar:/home/etiya/.m2/repository/org/mongodb/mongodb-driver-sync/5.0.1/mongodb-driver-sync-5.0.1.jar:/home/etiya/.m2/repository/org/mongodb/bson/5.0.1/bson-5.0.1.jar:/home/etiya/.m2/repository/org/mongodb/mongodb-driver-core/5.0.1/mongodb-driver-core-5.0.1.jar:/home/etiya/.m2/repository/org/mongodb/bson-record-codec/5.0.1/bson-record-codec-5.0.1.jar:/home/etiya/.m2/repository/org/springframework/data/spring-data-mongodb/4.3.0/spring-data-mongodb-4.3.0.jar:/home/etiya/.m2/repository/org/springframework/spring-tx/6.1.8/spring-tx-6.1.8.jar:/home/etiya/.m2/repository/org/springframework/data/spring-data-commons/3.3.0/spring-data-commons-3.3.0.jar:/home/etiya/.m2/repository/org/projectlombok/lombok/1.18.32/lombok-1.18.32.jar:/home/etiya/.m2/repository/org/springframework/boot/spring-boot-starter-test/3.3.0/spring-boot-starter-test-3.3.0.jar:/home/etiya/.m2/repository/org/springframework/boot/spring-boot-test/3.3.0/spring-boot-test-3.3.0.jar:/home/etiya/.m2/repository/org/springframework/boot/spring-boot-test-autoconfigure/3.3.0/spring-boot-test-autoconfigure-3.3.0.jar:/home/etiya/.m2/repository/com/jayway/jsonpath/json-path/2.9.0/json-path-2.9.0.jar:/home/etiya/.m2/repository/jakarta/xml/bind/jakarta.xml.bind-api/4.0.2/jakarta.xml.bind-api-4.0.2.jar:/home/etiya/.m2/repository/jakarta/activation/jakarta.activation-api/2.1.3/jakarta.activation-api-2.1.3.jar:/home/etiya/.m2/repository/net/minidev/json-smart/2.5.1/json-smart-2.5.1.jar:/home/etiya/.m2/repository/net/minidev/accessors-smart/2.5.1/accessors-smart-2.5.1.jar:/home/etiya/.m2/repository/org/ow2/asm/asm/9.6/asm-9.6.jar:/home/etiya/.m2/repository/org/assertj/assertj-core/3.25.3/assertj-core-3.25.3.jar:/home/etiya/.m2/repository/net/bytebuddy/byte-buddy/1.14.16/byte-buddy-1.14.16.jar:/home/etiya/.m2/repository/org/awaitility/awaitility/4.2.1/awaitility-4.2.1.jar:/home/etiya/.m2/repository/org/hamcrest/hamcrest/2.2/hamcrest-2.2.jar:/home/etiya/.m2/repository/org/junit/jupiter/junit-jupiter/5.10.2/junit-jupiter-5.10.2.jar:/home/etiya/.m2/repository/org/junit/jupiter/junit-jupiter-api/5.10.2/junit-jupiter-api-5.10.2.jar:/home/etiya/.m2/repository/org/opentest4j/opentest4j/1.3.0/opentest4j-1.3.0.jar:/home/etiya/.m2/repository/org/junit/platform/junit-platform-commons/1.10.2/junit-platform-commons-1.10.2.jar:/home/etiya/.m2/repository/org/apiguardian/apiguardian-api/1.1.2/apiguardian-api-1.1.2.jar:/home/etiya/.m2/repository/org/junit/jupiter/junit-jupiter-params/5.10.2/junit-jupiter-params-5.10.2.jar:/home/etiya/.m2/repository/org/junit/jupiter/junit-jupiter-engine/5.10.2/junit-jupiter-engine-5.10.2.jar:/home/etiya/.m2/repository/org/junit/platform/junit-platform-engine/1.10.2/junit-platform-engine-1.10.2.jar:/home/etiya/.m2/repository/org/mockito/mockito-core/5.11.0/mockito-core-5.11.0.jar:/home/etiya/.m2/repository/net/bytebuddy/byte-buddy-agent/1.14.16/byte-buddy-agent-1.14.16.jar:/home/etiya/.m2/repository/org/objenesis/objenesis/3.3/objenesis-3.3.jar:/home/etiya/.m2/repository/org/mockito/mockito-junit-jupiter/5.11.0/mockito-junit-jupiter-5.11.0.jar:/home/etiya/.m2/repository/org/skyscreamer/jsonassert/1.5.1/jsonassert-1.5.1.jar:/home/etiya/.m2/repository/com/vaadin/external/google/android-json/0.0.20131108.vaadin1/android-json-0.0.20131108.vaadin1.jar:/home/etiya/.m2/repository/org/springframework/spring-core/6.1.8/spring-core-6.1.8.jar:/home/etiya/.m2/repository/org/springframework/spring-jcl/6.1.8/spring-jcl-6.1.8.jar:/home/etiya/.m2/repository/org/springframework/spring-test/6.1.8/spring-test-6.1.8.jar:/home/etiya/.m2/repository/org/xmlunit/xmlunit-core/2.9.1/xmlunit-core-2.9.1.jar:/home/etiya/.m2/repository/org/testcontainers/testcontainers/1.19.7/testcontainers-1.19.7.jar:/home/etiya/.m2/repository/junit/junit/4.13.2/junit-4.13.2.jar:/home/etiya/.m2/repository/org/hamcrest/hamcrest-core/2.2/hamcrest-core-2.2.jar:/home/etiya/.m2/repository/org/slf4j/slf4j-api/2.0.13/slf4j-api-2.0.13.jar:/home/etiya/.m2/repository/org/apache/commons/commons-compress/1.24.0/commons-compress-1.24.0.jar:/home/etiya/.m2/repository/org/rnorth/duct-tape/duct-tape/1.0.8/duct-tape-1.0.8.jar:/home/etiya/.m2/repository/org/jetbrains/annotations/17.0.0/annotations-17.0.0.jar:/home/etiya/.m2/repository/com/github/docker-java/docker-java-api/3.3.6/docker-java-api-3.3.6.jar:/home/etiya/.m2/repository/com/fasterxml/jackson/core/jackson-annotations/2.17.1/jackson-annotations-2.17.1.jar:/home/etiya/.m2/repository/com/github/docker-java/docker-java-transport-zerodep/3.3.6/docker-java-transport-zerodep-3.3.6.jar:/home/etiya/.m2/repository/com/github/docker-java/docker-java-transport/3.3.6/docker-java-transport-3.3.6.jar:/home/etiya/.m2/repository/net/java/dev/jna/jna/5.13.0/jna-5.13.0.jar:/home/etiya/.m2/repository/org/testcontainers/mongodb/1.19.7/mongodb-1.19.7.jar:"/>
    <property name="sun.cpu.endian" value="little"/>
    <property name="user.home" value="/home/etiya"/>
    <property name="user.language" value="en"/>
    <property name="java.specification.vendor" value="Oracle Corporation"/>
    <property name="java.version.date" value="2025-01-21"/>
    <property name="java.home" value="/usr/lib/jvm/java-17-openjdk-17.0.14.0.7-3.el8.x86_64"/>
    <property name="file.separator" value="/"/>
    <property name="basedir" value="/home/etiya/projects/spring-demo"/>
    <property name="java.vm.compressedOopsMode" value="32-bit"/>
    <property name="line.separator" value="&#10;"/>
    <property name="java.specification.name" value="Java Platform API Specification"/>
    <property name="java.vm.specification.vendor" value="Oracle Corporation"/>
    <property name="surefire.real.class.path" value="/home/etiya/projects/spring-demo/target/surefire/surefirebooter-20250127054229807_3.jar"/>
    <property name="sun.management.compiler" value="HotSpot 64-Bit Tiered Compilers"/>
    <property name="java.runtime.version" value="17.0.14+7-LTS"/>
    <property name="user.name" value="etiya"/>
    <property name="path.separator" value=":"/>
    <property name="os.version" value="4.18.0-553.34.1.el8_10.x86_64"/>
    <property name="java.runtime.name" value="OpenJDK Runtime Environment"/>
    <property name="file.encoding" value="UTF-8"/>
    <property name="java.vm.name" value="OpenJDK 64-Bit Server VM"/>
    <property name="java.vendor.version" value="(Red_Hat-17.0.14.0.7-1)"/>
    <property name="localRepository" value="/home/etiya/.m2/repository"/>
    <property name="java.vendor.url.bug" value="https://access.redhat.com/support/cases/"/>
    <property name="java.io.tmpdir" value="/tmp"/>
    <property name="java.version" value="17.0.14"/>
    <property name="user.dir" value="/home/etiya/projects/spring-demo"/>
    <property name="os.arch" value="amd64"/>
    <property name="java.vm.specification.name" value="Java Virtual Machine Specification"/>
    <property name="native.encoding" value="UTF-8"/>
    <property name="java.library.path" value="/usr/java/packages/lib:/usr/lib64:/lib64:/lib:/usr/lib"/>
    <property name="java.vm.info" value="mixed mode, sharing"/>
    <property name="java.vendor" value="Red Hat, Inc."/>
    <property name="java.vm.version" value="17.0.14+7-LTS"/>
    <property name="java.specification.maintenance.version" value="1"/>
    <property name="sun.io.unicode.encoding" value="UnicodeLittle"/>
    <property name="java.class.version" value="61.0"/>
  </properties>
  <testcase name="testEnum2(Season)[1]" classname="com.example.constants.SeasonTest" time="0.025"/>
  <testcase name="testEnum2(Season)[2]" classname="com.example.constants.SeasonTest" time="0.001"/>
  <testcase name="testEnum3(Season)[1]" classname="com.example.constants.SeasonTest" time="0.0"/>
  <testcase name="testEnum3(Season)[2]" classname="com.example.constants.SeasonTest" time="0.001"/>
  <testcase name="testEnum(Season)[1]" classname="com.example.constants.SeasonTest" time="0.001"/>
  <testcase name="testEnum(Season)[2]" classname="com.example.constants.SeasonTest" time="0.001"/>
  <testcase name="testEnum(Season)[3]" classname="com.example.constants.SeasonTest" time="0.002"/>
  <testcase name="testEnum(Season)[4]" classname="com.example.constants.SeasonTest" time="0.001"/>
</testsuite>